<?xml version="1.0" encoding="UTF-8"?>
<!-- Generated by org.testng.reporters.JUnitXMLReporter -->
<testsuite ignored="0" hostname="DESKTOP-UTFGPAF" failures="0" tests="12" name="Tests" time="12.613" errors="0" timestamp="06 Jul 2023 06:39:23 GMT">
  <testcase classname="org.example.MyAccountPageTests" name="IsSingleProductViewMatchTheMainOne" time="1.25"/>
  <testcase classname="org.example.MyAccountPageTests" name="countOfItemsInInventoryContainer" time="0.679"/>
  <testcase classname="org.example.MyAccountPageTests" name="isFilteringMenuByPriceWorkCorrect" time="0.884"/>
  <testcase classname="org.example.MyAccountPageTests" name="isFilteringMenuWorkCorrect" time="0.836"/>
  <testcase classname="org.example.HomePageTests" name="accessMyAccount" time="0.71"/>
  <testcase classname="org.example.HomePageTests" name="accessMyAccountWithIncorrectPassword" time="0.559"/>
  <testcase classname="org.example.HomePageTests" name="logoutFromMyAccountPage" time="0.633"/>
  <testcase classname="org.example.ShoppingCartMenuTests" name="addOneItemToShoppingCart" time="1.093"/>
  <testcase classname="org.example.ShoppingCartMenuTests" name="addTwoItemToShoppingCart" time="1.356"/>
  <testcase classname="org.example.ShoppingCartMenuTests" name="finalizationOfOrder" time="1.812"/>
  <testcase classname="org.example.ShoppingCartMenuTests" name="incorrectFillingANameFieldThrowErrorMessage" time="1.514"/>
  <testcase classname="org.example.ShoppingCartMenuTests" name="removingItemFromShoppingCart" time="0.877"/>
</testsuite> <!-- Tests -->
