<?xml version="1.0" encoding="UTF-8"?>
<!-- Generated by org.testng.reporters.JUnitXMLReporter -->
<testsuite ignored="3" hostname="DESKTOP-UTFGPAF" failures="0" tests="1" name="Surefire test" time="1.277" errors="0" timestamp="05 Jul 2023 07:36:42 GMT">
  <testcase classname="org.example.MyAccountPageTests" name="IsSingleProductViewMatchTheMainOne" time="1.112"/>
  <testcase classname="org.example.MyAccountPageTests" name="countOfItemsInInventoryContainer" time="0.0">
    <ignored/>
  </testcase> <!-- countOfItemsInInventoryContainer -->
  <testcase classname="org.example.MyAccountPageTests" name="isFilteringMenuWorkCorrect" time="0.0">
    <ignored/>
  </testcase> <!-- isFilteringMenuWorkCorrect -->
  <testcase classname="org.example.MyAccountPageTests" name="isFilteringMenuByPriceWorkCorrect" time="0.0">
    <ignored/>
  </testcase> <!-- isFilteringMenuByPriceWorkCorrect -->
</testsuite> <!-- Surefire test -->
