<?xml version="1.0" encoding="UTF-8"?>
<testng-results ignored="0" total="12" passed="12" failed="0" skipped="0">
  <reporter-output>
  </reporter-output>
  <suite started-at="2023-07-06T06:39:10Z" name="Smoke Tests" finished-at="2023-07-06T06:39:23Z" duration-ms="12613">
    <groups>
    </groups>
    <test started-at="2023-07-06T06:39:10Z" name="Tests" finished-at="2023-07-06T06:39:23Z" duration-ms="12613">
      <class name="org.example.HomePageTests">
        <test-method signature="accessMyAccount()[pri:0, instance:org.example.HomePageTests@182f1e9a]" started-at="2023-07-06T06:39:14Z" name="accessMyAccount" finished-at="2023-07-06T06:39:15Z" duration-ms="710" status="PASS">
          <reporter-output>
          </reporter-output>
        </test-method> <!-- accessMyAccount -->
        <test-method signature="accessMyAccountWithIncorrectPassword()[pri:0, instance:org.example.HomePageTests@182f1e9a]" started-at="2023-07-06T06:39:15Z" name="accessMyAccountWithIncorrectPassword" finished-at="2023-07-06T06:39:16Z" duration-ms="559" status="PASS">
          <reporter-output>
          </reporter-output>
        </test-method> <!-- accessMyAccountWithIncorrectPassword -->
        <test-method signature="logoutFromMyAccountPage()[pri:0, instance:org.example.HomePageTests@182f1e9a]" started-at="2023-07-06T06:39:16Z" name="logoutFromMyAccountPage" finished-at="2023-07-06T06:39:16Z" duration-ms="633" status="PASS">
          <reporter-output>
          </reporter-output>
        </test-method> <!-- logoutFromMyAccountPage -->
        <test-method is-config="true" signature="afterClass(org.testng.ITestContext)[pri:0, instance:org.example.HomePageTests@182f1e9a]" started-at="2023-07-06T06:39:16Z" name="afterClass" finished-at="2023-07-06T06:39:16Z" duration-ms="117" status="PASS">
          <params>
            <param index="0">
              <value>
                <![CDATA[org.testng.TestRunner@188a5fc2]]>
              </value>
            </param>
          </params>
          <reporter-output>
          </reporter-output>
        </test-method> <!-- afterClass -->
      </class> <!-- org.example.HomePageTests -->
      <class name="org.example.ShoppingCartMenuTests">
        <test-method signature="addOneItemToShoppingCart()[pri:0, instance:org.example.ShoppingCartMenuTests@6928f576]" started-at="2023-07-06T06:39:16Z" name="addOneItemToShoppingCart" finished-at="2023-07-06T06:39:17Z" duration-ms="1093" status="PASS">
          <reporter-output>
          </reporter-output>
        </test-method> <!-- addOneItemToShoppingCart -->
        <test-method signature="addTwoItemToShoppingCart()[pri:0, instance:org.example.ShoppingCartMenuTests@6928f576]" started-at="2023-07-06T06:39:17Z" name="addTwoItemToShoppingCart" finished-at="2023-07-06T06:39:19Z" duration-ms="1356" status="PASS">
          <reporter-output>
          </reporter-output>
        </test-method> <!-- addTwoItemToShoppingCart -->
        <test-method signature="finalizationOfOrder()[pri:0, instance:org.example.ShoppingCartMenuTests@6928f576]" started-at="2023-07-06T06:39:19Z" name="finalizationOfOrder" finished-at="2023-07-06T06:39:21Z" duration-ms="1812" status="PASS">
          <reporter-output>
          </reporter-output>
        </test-method> <!-- finalizationOfOrder -->
        <test-method signature="incorrectFillingANameFieldThrowErrorMessage()[pri:0, instance:org.example.ShoppingCartMenuTests@6928f576]" started-at="2023-07-06T06:39:21Z" name="incorrectFillingANameFieldThrowErrorMessage" finished-at="2023-07-06T06:39:22Z" duration-ms="1514" status="PASS">
          <reporter-output>
          </reporter-output>
        </test-method> <!-- incorrectFillingANameFieldThrowErrorMessage -->
        <test-method signature="removingItemFromShoppingCart()[pri:0, instance:org.example.ShoppingCartMenuTests@6928f576]" started-at="2023-07-06T06:39:22Z" name="removingItemFromShoppingCart" finished-at="2023-07-06T06:39:23Z" duration-ms="877" status="PASS">
          <reporter-output>
          </reporter-output>
        </test-method> <!-- removingItemFromShoppingCart -->
        <test-method is-config="true" signature="afterClass(org.testng.ITestContext)[pri:0, instance:org.example.ShoppingCartMenuTests@6928f576]" started-at="2023-07-06T06:39:23Z" name="afterClass" finished-at="2023-07-06T06:39:23Z" duration-ms="136" status="PASS">
          <params>
            <param index="0">
              <value>
                <![CDATA[org.testng.TestRunner@188a5fc2]]>
              </value>
            </param>
          </params>
          <reporter-output>
          </reporter-output>
        </test-method> <!-- afterClass -->
      </class> <!-- org.example.ShoppingCartMenuTests -->
      <class name="org.example.MyAccountPageTests">
        <test-method signature="IsSingleProductViewMatchTheMainOne()[pri:0, instance:org.example.MyAccountPageTests@758f4f03]" started-at="2023-07-06T06:39:10Z" name="IsSingleProductViewMatchTheMainOne" finished-at="2023-07-06T06:39:12Z" duration-ms="1250" status="PASS">
          <reporter-output>
          </reporter-output>
        </test-method> <!-- IsSingleProductViewMatchTheMainOne -->
        <test-method signature="countOfItemsInInventoryContainer()[pri:0, instance:org.example.MyAccountPageTests@758f4f03]" started-at="2023-07-06T06:39:12Z" name="countOfItemsInInventoryContainer" finished-at="2023-07-06T06:39:12Z" duration-ms="679" status="PASS">
          <reporter-output>
          </reporter-output>
        </test-method> <!-- countOfItemsInInventoryContainer -->
        <test-method signature="isFilteringMenuByPriceWorkCorrect()[pri:0, instance:org.example.MyAccountPageTests@758f4f03]" started-at="2023-07-06T06:39:12Z" name="isFilteringMenuByPriceWorkCorrect" finished-at="2023-07-06T06:39:13Z" duration-ms="884" status="PASS">
          <reporter-output>
          </reporter-output>
        </test-method> <!-- isFilteringMenuByPriceWorkCorrect -->
        <test-method signature="isFilteringMenuWorkCorrect()[pri:0, instance:org.example.MyAccountPageTests@758f4f03]" started-at="2023-07-06T06:39:13Z" name="isFilteringMenuWorkCorrect" finished-at="2023-07-06T06:39:14Z" duration-ms="836" status="PASS">
          <reporter-output>
          </reporter-output>
        </test-method> <!-- isFilteringMenuWorkCorrect -->
        <test-method is-config="true" signature="afterClass(org.testng.ITestContext)[pri:0, instance:org.example.MyAccountPageTests@758f4f03]" started-at="2023-07-06T06:39:14Z" name="afterClass" finished-at="2023-07-06T06:39:14Z" duration-ms="135" status="PASS">
          <params>
            <param index="0">
              <value>
                <![CDATA[org.testng.TestRunner@188a5fc2]]>
              </value>
            </param>
          </params>
          <reporter-output>
          </reporter-output>
        </test-method> <!-- afterClass -->
      </class> <!-- org.example.MyAccountPageTests -->
    </test> <!-- Tests -->
  </suite> <!-- Smoke Tests -->
</testng-results>
