<?xml version="1.0" encoding="UTF-8"?>
<testsuite xmlns:xsi="http://www.w3.org/2001/XMLSchema-instance" xsi:schemaLocation="https://maven.apache.org/surefire/maven-surefire-plugin/xsd/surefire-test-report.xsd" name="TestSuite" time="17.62" tests="12" errors="0" skipped="0" failures="0">
  <properties>
[...]
</properties>
  <testcase name="IsSingleProductViewMatchTheMainOne" classname="org.example.MyAccountPageTests" time="1.251"/>
  <testcase name="countOfItemsInInventoryContainer" classname="org.example.MyAccountPageTests" time="0.678"/>
  <testcase name="isFilteringMenuByPriceWorkCorrect" classname="org.example.MyAccountPageTests" time="0.885"/>
  <testcase name="isFilteringMenuWorkCorrect" classname="org.example.MyAccountPageTests" time="0.836"/>
  <testcase name="accessMyAccount" classname="org.example.HomePageTests" time="0.71"/>
  <testcase name="accessMyAccountWithIncorrectPassword" classname="org.example.HomePageTests" time="0.56"/>
  <testcase name="logoutFromMyAccountPage" classname="org.example.HomePageTests" time="0.632"/>
  <testcase name="addOneItemToShoppingCart" classname="org.example.ShoppingCartMenuTests" time="1.093"/>
  <testcase name="addTwoItemToShoppingCart" classname="org.example.ShoppingCartMenuTests" time="1.356"/>
  <testcase name="finalizationOfOrder" classname="org.example.ShoppingCartMenuTests" time="1.812"/>
  <testcase name="incorrectFillingANameFieldThrowErrorMessage" classname="org.example.ShoppingCartMenuTests" time="1.514"/>
  <testcase name="removingItemFromShoppingCart" classname="org.example.ShoppingCartMenuTests" time="0.877"/>
</testsuite>